{"name": "Login with valid test data", "status": "broken", "statusDetails": {"message": "selenium.common.exceptions.StaleElementReferenceException: Message: stale element reference: element is not attached to the page document\n  (Session info: chrome=106.0.5249.103)", "trace": "self = <tests.test_Login_01.Test_login_01 object at 0x000002239F22CA00>\n\n    @allure.title(\"Login with valid test data\")\n    @allure.description(\"This test of login with valid data\")\n    def test_login(self):\n        login_page = LoginPage(self.driver)\n        login_page.open()\n>       login_page.set_user_inputs(\"Admin\", \"admin123\")\n\ntests\\test_Login_01.py:15: \n_ _ _ _ _ _ _ _ _ _ _ _ _ _ _ _ _ _ _ _ _ _ _ _ _ _ _ _ _ _ _ _ _ _ _ _ _ _ _ _ _ _ _ _ _ _ _ _ _ _ _ _ _ _ _ _ _ _ _ _ _ _ _ _ _ _ _ _ _ _ _ _ _ _ _ _ _ _ _ _ _ _ _ _ _ _ _ _ _ _ _ _ _ _ _ _ _ _ _ _ _ _ _ _ _ _ _ _ _ _ _ _ _ _ _ _\npages\\login_page.py:14: in set_user_inputs\n    self.driver.find_element(*LoginPageLocators.login_btn).click()\nvenv\\lib\\site-packages\\selenium\\webdriver\\support\\event_firing_webdriver.py:226: in click\n    self._dispatch(\"click\", (self._webelement, self._driver), \"click\", ())\nvenv\\lib\\site-packages\\selenium\\webdriver\\support\\event_firing_webdriver.py:295: in _dispatch\n    getattr(self._listener, \"after_%s\" % l_call)(*l_args)\nhelpers\\webdriver_listener.py:36: in after_click\n    if element.get_attribute(\"text\") is None:\nvenv\\lib\\site-packages\\selenium\\webdriver\\remote\\webelement.py:139: in get_attribute\n    attributeValue = self.parent.execute_script(\nvenv\\lib\\site-packages\\selenium\\webdriver\\remote\\webdriver.py:634: in execute_script\n    return self.execute(command, {\nvenv\\lib\\site-packages\\selenium\\webdriver\\remote\\webdriver.py:321: in execute\n    self.error_handler.check_response(response)\n_ _ _ _ _ _ _ _ _ _ _ _ _ _ _ _ _ _ _ _ _ _ _ _ _ _ _ _ _ _ _ _ _ _ _ _ _ _ _ _ _ _ _ _ _ _ _ _ _ _ _ _ _ _ _ _ _ _ _ _ _ _ _ _ _ _ _ _ _ _ _ _ _ _ _ _ _ _ _ _ _ _ _ _ _ _ _ _ _ _ _ _ _ _ _ _ _ _ _ _ _ _ _ _ _ _ _ _ _ _ _ _ _ _ _ _\n\nself = <selenium.webdriver.remote.errorhandler.ErrorHandler object at 0x000002239F22D300>\nresponse = {'status': 404, 'value': '{\"value\":{\"error\":\"stale element reference\",\"message\":\"stale element reference: element is n...jectPath [0x77B27BBE+286]\\\\n\\\\tRtlGetAppContainerNamedObjectPath [0x77B27B8E+238]\\\\n\\\\t(No symbol) [0x00000000]\\\\n\"}}'}\n\n    def check_response(self, response):\n        \"\"\"\n        Checks that a JSON response from the WebDriver does not have an error.\n    \n        :Args:\n         - response - The JSON response from the WebDriver server as a dictionary\n           object.\n    \n        :Raises: If the response contains an error message.\n        \"\"\"\n        status = response.get('status', None)\n        if status is None or status == ErrorCode.SUCCESS:\n            return\n        value = None\n        message = response.get(\"message\", \"\")\n        screen = response.get(\"screen\", \"\")\n        stacktrace = None\n        if isinstance(status, int):\n            value_json = response.get('value', None)\n            if value_json and isinstance(value_json, basestring):\n                import json\n                try:\n                    value = json.loads(value_json)\n                    if len(value.keys()) == 1:\n                        value = value['value']\n                    status = value.get('error', None)\n                    if status is None:\n                        status = value[\"status\"]\n                        message = value[\"value\"]\n                        if not isinstance(message, basestring):\n                            value = message\n                            message = message.get('message')\n                    else:\n                        message = value.get('message', None)\n                except ValueError:\n                    pass\n    \n        exception_class = ErrorInResponseException\n        if status in ErrorCode.NO_SUCH_ELEMENT:\n            exception_class = NoSuchElementException\n        elif status in ErrorCode.NO_SUCH_FRAME:\n            exception_class = NoSuchFrameException\n        elif status in ErrorCode.NO_SUCH_WINDOW:\n            exception_class = NoSuchWindowException\n        elif status in ErrorCode.STALE_ELEMENT_REFERENCE:\n            exception_class = StaleElementReferenceException\n        elif status in ErrorCode.ELEMENT_NOT_VISIBLE:\n            exception_class = ElementNotVisibleException\n        elif status in ErrorCode.INVALID_ELEMENT_STATE:\n            exception_class = InvalidElementStateException\n        elif status in ErrorCode.INVALID_SELECTOR \\\n                or status in ErrorCode.INVALID_XPATH_SELECTOR \\\n                or status in ErrorCode.INVALID_XPATH_SELECTOR_RETURN_TYPER:\n            exception_class = InvalidSelectorException\n        elif status in ErrorCode.ELEMENT_IS_NOT_SELECTABLE:\n            exception_class = ElementNotSelectableException\n        elif status in ErrorCode.ELEMENT_NOT_INTERACTABLE:\n            exception_class = ElementNotInteractableException\n        elif status in ErrorCode.INVALID_COOKIE_DOMAIN:\n            exception_class = InvalidCookieDomainException\n        elif status in ErrorCode.UNABLE_TO_SET_COOKIE:\n            exception_class = UnableToSetCookieException\n        elif status in ErrorCode.TIMEOUT:\n            exception_class = TimeoutException\n        elif status in ErrorCode.SCRIPT_TIMEOUT:\n            exception_class = TimeoutException\n        elif status in ErrorCode.UNKNOWN_ERROR:\n            exception_class = WebDriverException\n        elif status in ErrorCode.UNEXPECTED_ALERT_OPEN:\n            exception_class = UnexpectedAlertPresentException\n        elif status in ErrorCode.NO_ALERT_OPEN:\n            exception_class = NoAlertPresentException\n        elif status in ErrorCode.IME_NOT_AVAILABLE:\n            exception_class = ImeNotAvailableException\n        elif status in ErrorCode.IME_ENGINE_ACTIVATION_FAILED:\n            exception_class = ImeActivationFailedException\n        elif status in ErrorCode.MOVE_TARGET_OUT_OF_BOUNDS:\n            exception_class = MoveTargetOutOfBoundsException\n        elif status in ErrorCode.JAVASCRIPT_ERROR:\n            exception_class = JavascriptException\n        elif status in ErrorCode.SESSION_NOT_CREATED:\n            exception_class = SessionNotCreatedException\n        elif status in ErrorCode.INVALID_ARGUMENT:\n            exception_class = InvalidArgumentException\n        elif status in ErrorCode.NO_SUCH_COOKIE:\n            exception_class = NoSuchCookieException\n        elif status in ErrorCode.UNABLE_TO_CAPTURE_SCREEN:\n            exception_class = ScreenshotException\n        elif status in ErrorCode.ELEMENT_CLICK_INTERCEPTED:\n            exception_class = ElementClickInterceptedException\n        elif status in ErrorCode.INSECURE_CERTIFICATE:\n            exception_class = InsecureCertificateException\n        elif status in ErrorCode.INVALID_COORDINATES:\n            exception_class = InvalidCoordinatesException\n        elif status in ErrorCode.INVALID_SESSION_ID:\n            exception_class = InvalidSessionIdException\n        elif status in ErrorCode.UNKNOWN_METHOD:\n            exception_class = UnknownMethodException\n        else:\n            exception_class = WebDriverException\n        if value == '' or value is None:\n            value = response['value']\n        if isinstance(value, basestring):\n            if exception_class == ErrorInResponseException:\n                raise exception_class(response, value)\n            raise exception_class(value)\n        if message == \"\" and 'message' in value:\n            message = value['message']\n    \n        screen = None\n        if 'screen' in value:\n            screen = value['screen']\n    \n        stacktrace = None\n        if 'stackTrace' in value and value['stackTrace']:\n            stacktrace = []\n            try:\n                for frame in value['stackTrace']:\n                    line = self._value_or_default(frame, 'lineNumber', '')\n                    file = self._value_or_default(frame, 'fileName', '<anonymous>')\n                    if line:\n                        file = \"%s:%s\" % (file, line)\n                    meth = self._value_or_default(frame, 'methodName', '<anonymous>')\n                    if 'className' in frame:\n                        meth = \"%s.%s\" % (frame['className'], meth)\n                    msg = \"    at %s (%s)\"\n                    msg = msg % (meth, file)\n                    stacktrace.append(msg)\n            except TypeError:\n                pass\n        if exception_class == ErrorInResponseException:\n            raise exception_class(response, message)\n        elif exception_class == UnexpectedAlertPresentException:\n            alert_text = None\n            if 'data' in value:\n                alert_text = value['data'].get('text')\n            elif 'alert' in value:\n                alert_text = value['alert'].get('text')\n            raise exception_class(message, screen, stacktrace, alert_text)\n>       raise exception_class(message, screen, stacktrace)\nE       selenium.common.exceptions.StaleElementReferenceException: Message: stale element reference: element is not attached to the page document\nE         (Session info: chrome=106.0.5249.103)\n\nvenv\\lib\\site-packages\\selenium\\webdriver\\remote\\errorhandler.py:242: StaleElementReferenceException"}, "description": "This test of login with valid data", "steps": [{"name": "opening main page", "status": "passed", "start": 1666430924457, "stop": 1666430927511}, {"name": "Login with username and password", "status": "broken", "statusDetails": {"message": "selenium.common.exceptions.StaleElementReferenceException: Message: stale element reference: element is not attached to the page document\n  (Session info: chrome=106.0.5249.103)\n\n", "trace": "  File \"D:\\Automation_Program\\phython\\program\\Hybrid_Frame_Work\\Project2\\venv\\lib\\site-packages\\allure_commons\\_allure.py\", line 180, in impl\n    return func(*a, **kw)\n  File \"D:\\Automation_Program\\phython\\program\\Hybrid_Frame_Work\\Project2\\pages\\login_page.py\", line 14, in set_user_inputs\n    self.driver.find_element(*LoginPageLocators.login_btn).click()\n  File \"D:\\Automation_Program\\phython\\program\\Hybrid_Frame_Work\\Project2\\venv\\lib\\site-packages\\selenium\\webdriver\\support\\event_firing_webdriver.py\", line 226, in click\n    self._dispatch(\"click\", (self._webelement, self._driver), \"click\", ())\n  File \"D:\\Automation_Program\\phython\\program\\Hybrid_Frame_Work\\Project2\\venv\\lib\\site-packages\\selenium\\webdriver\\support\\event_firing_webdriver.py\", line 295, in _dispatch\n    getattr(self._listener, \"after_%s\" % l_call)(*l_args)\n  File \"D:\\Automation_Program\\phython\\program\\Hybrid_Frame_Work\\Project2\\helpers\\webdriver_listener.py\", line 36, in after_click\n    if element.get_attribute(\"text\") is None:\n  File \"D:\\Automation_Program\\phython\\program\\Hybrid_Frame_Work\\Project2\\venv\\lib\\site-packages\\selenium\\webdriver\\remote\\webelement.py\", line 139, in get_attribute\n    attributeValue = self.parent.execute_script(\n  File \"D:\\Automation_Program\\phython\\program\\Hybrid_Frame_Work\\Project2\\venv\\lib\\site-packages\\selenium\\webdriver\\remote\\webdriver.py\", line 634, in execute_script\n    return self.execute(command, {\n  File \"D:\\Automation_Program\\phython\\program\\Hybrid_Frame_Work\\Project2\\venv\\lib\\site-packages\\selenium\\webdriver\\remote\\webdriver.py\", line 321, in execute\n    self.error_handler.check_response(response)\n  File \"D:\\Automation_Program\\phython\\program\\Hybrid_Frame_Work\\Project2\\venv\\lib\\site-packages\\selenium\\webdriver\\remote\\errorhandler.py\", line 242, in check_response\n    raise exception_class(message, screen, stacktrace)\n"}, "parameters": [{"name": "username", "value": "'Admin'"}, {"name": "password", "value": "'admin123'"}], "start": 1666430927511, "stop": 1666430936185}], "attachments": [{"name": "log", "source": "39202c6b-d210-4422-8ba8-8fe83b8ba8bb-attachment.txt", "type": "text/plain"}], "start": 1666430924443, "stop": 1666430937175, "uuid": "299b767f-8676-4464-899b-3f22617afbc3", "historyId": "3b39fae54ec28cdc1312e2b17987797b", "testCaseId": "d779165d8b5982b1dbf8445be7e05ceb", "fullName": "tests.test_Login_01.Test_login_01#test_login", "labels": [{"name": "tag", "value": "@pytest.mark.usefixtures('setup')"}, {"name": "parentSuite", "value": "tests"}, {"name": "suite", "value": "test_Login_01"}, {"name": "subSuite", "value": "Test_login_01"}, {"name": "host", "value": "DESKTOP-SQ8UVGQ"}, {"name": "thread", "value": "2108-MainThread"}, {"name": "framework", "value": "pytest"}, {"name": "language", "value": "cpython3"}, {"name": "package", "value": "tests.test_Login_01"}]}