{"name": "test_add_employee", "status": "broken", "statusDetails": {"message": "selenium.common.exceptions.NoSuchElementException: Message: no such element: Unable to locate element: {\"method\":\"xpath\",\"selector\":\"//div[@class='oxd-toast-container oxd-toast-container--bottom']//p[text() = 'Success']\"}\n  (Session info: chrome=107.0.5304.63)", "trace": "self = <tests.test_PIM_01.Test_PIM_001 object at 0x000001EC81EC6680>\n\n    def test_add_employee(self):\n        login_page = LogInPage(self.driver)\n        add_emp = AddEmployee(self.driver)\n        path = \"D:\\\\Automation_Program\\\\phython\\\\program\\\\Hybrid_Frame_Work\\\\Project2\\\\test-data\\\\gogul_photo.jpg\"\n        login_page.open()\n        self.driver.implicitly_wait(10)\n        login_page.set_user_inputs(\"Admin\", \"admin123\")\n        status = []\n        add_emp.click_add()\n        add_emp.set_employee_detail(\"gogulan\", \"M\", \"0215\", path, \"gogulan\", \"Gogulan@123\")\n>       validate = add_emp.set_validate()\n\ntests\\test_PIM_01.py:22: \n_ _ _ _ _ _ _ _ _ _ _ _ _ _ _ _ _ _ _ _ _ _ _ _ _ _ _ _ _ _ _ _ _ _ _ _ _ _ _ _ _ _ _ _ _ _ _ _ _ _ _ _ _ _ _ _ _ _ _ _ _ _ _ _ _ _ _ _ _ _ _ _ _ _ _ _ _ _ _ _ _ _ _ _ _ _ _ _ _ _ _ _ _ _ _ _ _ _ _ _ _ _ _ _ _ _ _ _ _ _ _ _ _ _ _ _\npages\\pim_001.py:102: in set_validate\n    validate = self.driver.find_element(*CommonLocator.validate_txt).text\nvenv\\lib\\site-packages\\selenium\\webdriver\\support\\event_firing_webdriver.py:101: in find_element\n    return self._dispatch(\"find\", (by, value, self._driver), \"find_element\", (by, value))\nvenv\\lib\\site-packages\\selenium\\webdriver\\support\\event_firing_webdriver.py:155: in _dispatch\n    getattr(self._listener, \"before_%s\" % l_call)(*l_args)\nhelpers\\webdriver_listener.py:28: in before_find\n    element = driver.find_element(By.XPATH, value)\nvenv\\lib\\site-packages\\selenium\\webdriver\\remote\\webdriver.py:976: in find_element\n    return self.execute(Command.FIND_ELEMENT, {\nvenv\\lib\\site-packages\\selenium\\webdriver\\remote\\webdriver.py:321: in execute\n    self.error_handler.check_response(response)\n_ _ _ _ _ _ _ _ _ _ _ _ _ _ _ _ _ _ _ _ _ _ _ _ _ _ _ _ _ _ _ _ _ _ _ _ _ _ _ _ _ _ _ _ _ _ _ _ _ _ _ _ _ _ _ _ _ _ _ _ _ _ _ _ _ _ _ _ _ _ _ _ _ _ _ _ _ _ _ _ _ _ _ _ _ _ _ _ _ _ _ _ _ _ _ _ _ _ _ _ _ _ _ _ _ _ _ _ _ _ _ _ _ _ _ _\n\nself = <selenium.webdriver.remote.errorhandler.ErrorHandler object at 0x000001EC81EC5D80>\nresponse = {'status': 404, 'value': '{\"value\":{\"error\":\"no such element\",\"message\":\"no such element: Unable to locate element: {\\...\\n\\\\tRtlGetAppContainerNamedObjectPath [0x779E7BBE+286]\\\\n\\\\tRtlGetAppContainerNamedObjectPath [0x779E7B8E+238]\\\\n\"}}'}\n\n    def check_response(self, response):\n        \"\"\"\n        Checks that a JSON response from the WebDriver does not have an error.\n    \n        :Args:\n         - response - The JSON response from the WebDriver server as a dictionary\n           object.\n    \n        :Raises: If the response contains an error message.\n        \"\"\"\n        status = response.get('status', None)\n        if status is None or status == ErrorCode.SUCCESS:\n            return\n        value = None\n        message = response.get(\"message\", \"\")\n        screen = response.get(\"screen\", \"\")\n        stacktrace = None\n        if isinstance(status, int):\n            value_json = response.get('value', None)\n            if value_json and isinstance(value_json, basestring):\n                import json\n                try:\n                    value = json.loads(value_json)\n                    if len(value.keys()) == 1:\n                        value = value['value']\n                    status = value.get('error', None)\n                    if status is None:\n                        status = value[\"status\"]\n                        message = value[\"value\"]\n                        if not isinstance(message, basestring):\n                            value = message\n                            message = message.get('message')\n                    else:\n                        message = value.get('message', None)\n                except ValueError:\n                    pass\n    \n        exception_class = ErrorInResponseException\n        if status in ErrorCode.NO_SUCH_ELEMENT:\n            exception_class = NoSuchElementException\n        elif status in ErrorCode.NO_SUCH_FRAME:\n            exception_class = NoSuchFrameException\n        elif status in ErrorCode.NO_SUCH_WINDOW:\n            exception_class = NoSuchWindowException\n        elif status in ErrorCode.STALE_ELEMENT_REFERENCE:\n            exception_class = StaleElementReferenceException\n        elif status in ErrorCode.ELEMENT_NOT_VISIBLE:\n            exception_class = ElementNotVisibleException\n        elif status in ErrorCode.INVALID_ELEMENT_STATE:\n            exception_class = InvalidElementStateException\n        elif status in ErrorCode.INVALID_SELECTOR \\\n                or status in ErrorCode.INVALID_XPATH_SELECTOR \\\n                or status in ErrorCode.INVALID_XPATH_SELECTOR_RETURN_TYPER:\n            exception_class = InvalidSelectorException\n        elif status in ErrorCode.ELEMENT_IS_NOT_SELECTABLE:\n            exception_class = ElementNotSelectableException\n        elif status in ErrorCode.ELEMENT_NOT_INTERACTABLE:\n            exception_class = ElementNotInteractableException\n        elif status in ErrorCode.INVALID_COOKIE_DOMAIN:\n            exception_class = InvalidCookieDomainException\n        elif status in ErrorCode.UNABLE_TO_SET_COOKIE:\n            exception_class = UnableToSetCookieException\n        elif status in ErrorCode.TIMEOUT:\n            exception_class = TimeoutException\n        elif status in ErrorCode.SCRIPT_TIMEOUT:\n            exception_class = TimeoutException\n        elif status in ErrorCode.UNKNOWN_ERROR:\n            exception_class = WebDriverException\n        elif status in ErrorCode.UNEXPECTED_ALERT_OPEN:\n            exception_class = UnexpectedAlertPresentException\n        elif status in ErrorCode.NO_ALERT_OPEN:\n            exception_class = NoAlertPresentException\n        elif status in ErrorCode.IME_NOT_AVAILABLE:\n            exception_class = ImeNotAvailableException\n        elif status in ErrorCode.IME_ENGINE_ACTIVATION_FAILED:\n            exception_class = ImeActivationFailedException\n        elif status in ErrorCode.MOVE_TARGET_OUT_OF_BOUNDS:\n            exception_class = MoveTargetOutOfBoundsException\n        elif status in ErrorCode.JAVASCRIPT_ERROR:\n            exception_class = JavascriptException\n        elif status in ErrorCode.SESSION_NOT_CREATED:\n            exception_class = SessionNotCreatedException\n        elif status in ErrorCode.INVALID_ARGUMENT:\n            exception_class = InvalidArgumentException\n        elif status in ErrorCode.NO_SUCH_COOKIE:\n            exception_class = NoSuchCookieException\n        elif status in ErrorCode.UNABLE_TO_CAPTURE_SCREEN:\n            exception_class = ScreenshotException\n        elif status in ErrorCode.ELEMENT_CLICK_INTERCEPTED:\n            exception_class = ElementClickInterceptedException\n        elif status in ErrorCode.INSECURE_CERTIFICATE:\n            exception_class = InsecureCertificateException\n        elif status in ErrorCode.INVALID_COORDINATES:\n            exception_class = InvalidCoordinatesException\n        elif status in ErrorCode.INVALID_SESSION_ID:\n            exception_class = InvalidSessionIdException\n        elif status in ErrorCode.UNKNOWN_METHOD:\n            exception_class = UnknownMethodException\n        else:\n            exception_class = WebDriverException\n        if value == '' or value is None:\n            value = response['value']\n        if isinstance(value, basestring):\n            if exception_class == ErrorInResponseException:\n                raise exception_class(response, value)\n            raise exception_class(value)\n        if message == \"\" and 'message' in value:\n            message = value['message']\n    \n        screen = None\n        if 'screen' in value:\n            screen = value['screen']\n    \n        stacktrace = None\n        if 'stackTrace' in value and value['stackTrace']:\n            stacktrace = []\n            try:\n                for frame in value['stackTrace']:\n                    line = self._value_or_default(frame, 'lineNumber', '')\n                    file = self._value_or_default(frame, 'fileName', '<anonymous>')\n                    if line:\n                        file = \"%s:%s\" % (file, line)\n                    meth = self._value_or_default(frame, 'methodName', '<anonymous>')\n                    if 'className' in frame:\n                        meth = \"%s.%s\" % (frame['className'], meth)\n                    msg = \"    at %s (%s)\"\n                    msg = msg % (meth, file)\n                    stacktrace.append(msg)\n            except TypeError:\n                pass\n        if exception_class == ErrorInResponseException:\n            raise exception_class(response, message)\n        elif exception_class == UnexpectedAlertPresentException:\n            alert_text = None\n            if 'data' in value:\n                alert_text = value['data'].get('text')\n            elif 'alert' in value:\n                alert_text = value['alert'].get('text')\n            raise exception_class(message, screen, stacktrace, alert_text)\n>       raise exception_class(message, screen, stacktrace)\nE       selenium.common.exceptions.NoSuchElementException: Message: no such element: Unable to locate element: {\"method\":\"xpath\",\"selector\":\"//div[@class='oxd-toast-container oxd-toast-container--bottom']//p[text() = 'Success']\"}\nE         (Session info: chrome=107.0.5304.63)\n\nvenv\\lib\\site-packages\\selenium\\webdriver\\remote\\errorhandler.py:242: NoSuchElementException"}, "steps": [{"name": "opening main page", "status": "passed", "start": 1666940864812, "stop": 1666940869414}, {"name": "Login with username and password", "status": "passed", "parameters": [{"name": "username", "value": "'Admin'"}, {"name": "password", "value": "'admin123'"}], "start": 1666940869416, "stop": 1666940870372}, {"name": "Clicking add employee", "status": "passed", "start": 1666940870372, "stop": 1666940873990}, {"name": "Enter New Employee details", "status": "passed", "parameters": [{"name": "fname", "value": "'gogulan'"}, {"name": "lname", "value": "'M'"}, {"name": "id", "value": "'0215'"}, {"name": "img", "value": "'D:\\Automation_Program\\phython\\program\\Hybrid_Frame_Work\\Project2\\test-data\\gogul_photo.jpg'"}, {"name": "username", "value": "'gogulan'"}, {"name": "passwrd", "value": "'Gogulan@123'"}], "start": 1666940873990, "stop": 1666940875458}, {"name": "Validation is start", "status": "broken", "statusDetails": {"message": "selenium.common.exceptions.NoSuchElementException: Message: no such element: Unable to locate element: {\"method\":\"xpath\",\"selector\":\"//div[@class='oxd-toast-container oxd-toast-container--bottom']//p[text() = 'Success']\"}\n  (Session info: chrome=107.0.5304.63)\n\n", "trace": "  File \"D:\\Automation_Program\\phython\\program\\Hybrid_Frame_Work\\Project2\\venv\\lib\\site-packages\\allure_commons\\_allure.py\", line 180, in impl\n    return func(*a, **kw)\n  File \"D:\\Automation_Program\\phython\\program\\Hybrid_Frame_Work\\Project2\\pages\\pim_001.py\", line 102, in set_validate\n    validate = self.driver.find_element(*CommonLocator.validate_txt).text\n  File \"D:\\Automation_Program\\phython\\program\\Hybrid_Frame_Work\\Project2\\venv\\lib\\site-packages\\selenium\\webdriver\\support\\event_firing_webdriver.py\", line 101, in find_element\n    return self._dispatch(\"find\", (by, value, self._driver), \"find_element\", (by, value))\n  File \"D:\\Automation_Program\\phython\\program\\Hybrid_Frame_Work\\Project2\\venv\\lib\\site-packages\\selenium\\webdriver\\support\\event_firing_webdriver.py\", line 155, in _dispatch\n    getattr(self._listener, \"before_%s\" % l_call)(*l_args)\n  File \"D:\\Automation_Program\\phython\\program\\Hybrid_Frame_Work\\Project2\\helpers\\webdriver_listener.py\", line 28, in before_find\n    element = driver.find_element(By.XPATH, value)\n  File \"D:\\Automation_Program\\phython\\program\\Hybrid_Frame_Work\\Project2\\venv\\lib\\site-packages\\selenium\\webdriver\\remote\\webdriver.py\", line 976, in find_element\n    return self.execute(Command.FIND_ELEMENT, {\n  File \"D:\\Automation_Program\\phython\\program\\Hybrid_Frame_Work\\Project2\\venv\\lib\\site-packages\\selenium\\webdriver\\remote\\webdriver.py\", line 321, in execute\n    self.error_handler.check_response(response)\n  File \"D:\\Automation_Program\\phython\\program\\Hybrid_Frame_Work\\Project2\\venv\\lib\\site-packages\\selenium\\webdriver\\remote\\errorhandler.py\", line 242, in check_response\n    raise exception_class(message, screen, stacktrace)\n"}, "start": 1666940875459, "stop": 1666940885475}], "attachments": [{"name": "log", "source": "4de20176-2dce-42c3-a45c-fdfc655591c9-attachment.txt", "type": "text/plain"}], "start": 1666940864811, "stop": 1666940885590, "uuid": "f066d13b-da22-4d65-996d-6396a0e6c2ab", "historyId": "dc6a58eee89ae66baf66aeea3cb5df7f", "testCaseId": "98a467e95c3ff72ba3ada41d92033f24", "fullName": "tests.test_PIM_01.Test_PIM_001#test_add_employee", "labels": [{"name": "tag", "value": "@pytest.mark.usefixtures('setup')"}, {"name": "parentSuite", "value": "tests"}, {"name": "suite", "value": "test_PIM_01"}, {"name": "subSuite", "value": "Test_PIM_001"}, {"name": "host", "value": "DESKTOP-SQ8UVGQ"}, {"name": "thread", "value": "5864-MainThread"}, {"name": "framework", "value": "pytest"}, {"name": "language", "value": "cpython3"}, {"name": "package", "value": "tests.test_PIM_01"}]}